<?xml version="1.0" encoding="UTF-8"?>
<testng-results ignored="0" total="2" passed="2" failed="0" skipped="0">
  <reporter-output>
  </reporter-output>
  <suite started-at="2019-06-27T06:47:43Z" name="Default suite" finished-at="2019-06-27T06:47:50Z" duration-ms="6632">
    <groups>
    </groups>
    <test started-at="2019-06-27T06:47:43Z" name="Default test" finished-at="2019-06-27T06:47:50Z" duration-ms="6632">
      <class name="com.qa.Tatoc_POM.Tatoc_TestCases">
        <test-method signature="start()[pri:1, instance:com.qa.Tatoc_POM.Tatoc_TestCases@c8e4bb0]" started-at="2019-06-27T06:47:43Z" name="start" finished-at="2019-06-27T06:47:45Z" duration-ms="1868" status="PASS">
          <reporter-output>
          </reporter-output>
        </test-method> <!-- start -->
        <test-method signature="operations()[pri:2, instance:com.qa.Tatoc_POM.Tatoc_TestCases@c8e4bb0]" started-at="2019-06-27T06:47:45Z" name="operations" finished-at="2019-06-27T06:47:50Z" duration-ms="4736" status="PASS">
          <reporter-output>
          </reporter-output>
        </test-method> <!-- operations -->
      </class> <!-- com.qa.Tatoc_POM.Tatoc_TestCases -->
    </test> <!-- Default test -->
  </suite> <!-- Default suite -->
</testng-results>
